
============================================================================
[2026-04-03T13:16:50] Sorrifier start
============================================================================
After _strip_noop_tactics, initial source:
--- INITIAL (numbered) ---
    1 | 
    2 | open BigOperators Real Nat Topology Rat
    3 | lemma amc12b_2021_p4_1
    4 |   (m a : ℕ)
    5 |   (h₀ : (0 : ℕ) < m ∧ (0 : ℕ) < a)
    6 |   (h₁ : (↑m : ℝ) / (↑a : ℝ) = (3 / 4 : ℝ)) :
    7 |   ((84 : ℝ) * (↑m : ℝ) + (70 : ℝ) * (↑a : ℝ)) / ((↑m : ℝ) + (↑a : ℝ)) = (76 : ℝ) := by
    8 |   have h2 : (↑a : ℝ) ≠ 0 := by
    9 |     have ha : (↑a : ℝ) > (0 : ℝ) := by
   10 |       exact_mod_cast h₀.right
   11 |     linarith
   12 |   have h3 : (↑m : ℝ) ≠ 0 := by
   13 |     have hm : (↑m : ℝ) > (0 : ℝ) := by
   14 |       exact_mod_cast h₀.left
   15 |     simp
   16 |   have h4 : (↑m : ℝ) = (3 / 4 : ℝ) * (↑a : ℝ) := by
   17 |     field_simp [h2] at h₁ ⊢
   18 |     simp
   19 |   have h5 : ((84 : ℝ) * (↑m : ℝ) + (70 : ℝ) * (↑a : ℝ)) / ((↑m : ℝ) + (↑a : ℝ)) = (76 : ℝ) := by
   20 |     rw [h4]
   21 |     ring
   22 |   exact h5 h₀ h₁
   23 | 

============================================================================
[2026-04-03T13:16:50] Cycle 1 — normal fix
============================================================================
Primary (first) issue:
  kind: fatal
  line: 18
  message: `simp` made no progress
All fatal errors (line, message):
  L18: `simp` made no progress
  L22: Function expected at
  h5
but this term has type
  (84 * ↑m + 70 * ↑a) / (↑m + ↑a) = 76

Note: Expected a function because this term is being applied to the argument
  h₀
All unsolved goals (line, message):
  L12: unsolved goals
m a : ℕ
h₀ : 0 < m ∧ 0 < a
h₁ : ↑m / ↑a = 3 / 4
h2 : ↑a ≠ 0
hm : ↑m > 0
⊢ ¬m = 0
  L19: unsolved goals
m a : ℕ
h₀ : 0 < m ∧ 0 < a
h₁ : ↑m / ↑a = 3 / 4
h2 : ↑a ≠ 0
h3 : ↑m ≠ 0
h4 : ↑m = 3 / 4 * ↑a
⊢ ↑a * (↑a)⁻¹ * Nat.rawCast 76 = 76
--- BEFORE fix (numbered) ---
(error line ref: L18)
    1 | 
    2 | open BigOperators Real Nat Topology Rat
    3 | lemma amc12b_2021_p4_1
    4 |   (m a : ℕ)
    5 |   (h₀ : (0 : ℕ) < m ∧ (0 : ℕ) < a)
    6 |   (h₁ : (↑m : ℝ) / (↑a : ℝ) = (3 / 4 : ℝ)) :
    7 |   ((84 : ℝ) * (↑m : ℝ) + (70 : ℝ) * (↑a : ℝ)) / ((↑m : ℝ) + (↑a : ℝ)) = (76 : ℝ) := by
    8 |   have h2 : (↑a : ℝ) ≠ 0 := by
    9 |     have ha : (↑a : ℝ) > (0 : ℝ) := by
   10 |       exact_mod_cast h₀.right
   11 |     linarith
   12 |   have h3 : (↑m : ℝ) ≠ 0 := by
   13 |     have hm : (↑m : ℝ) > (0 : ℝ) := by
   14 |       exact_mod_cast h₀.left
   15 |     simp
   16 |   have h4 : (↑m : ℝ) = (3 / 4 : ℝ) * (↑a : ℝ) := by
   17 |     field_simp [h2] at h₁ ⊢
   18 |     simp
   19 |   have h5 : ((84 : ℝ) * (↑m : ℝ) + (70 : ℝ) * (↑a : ℝ)) / ((↑m : ℝ) + (↑a : ℝ)) = (76 : ℝ) := by
   20 |     rw [h4]
   21 |     ring
   22 |   exact h5 h₀ h₁
   23 | 
--- AFTER fix ---
action: Commented failing tactic [Lean.Parser.Tactic.simp] L18..L18
--- AFTER fix (numbered) ---
(error line ref: L18)
    1 | 
    2 | open BigOperators Real Nat Topology Rat
    3 | lemma amc12b_2021_p4_1
    4 |   (m a : ℕ)
    5 |   (h₀ : (0 : ℕ) < m ∧ (0 : ℕ) < a)
    6 |   (h₁ : (↑m : ℝ) / (↑a : ℝ) = (3 / 4 : ℝ)) :
    7 |   ((84 : ℝ) * (↑m : ℝ) + (70 : ℝ) * (↑a : ℝ)) / ((↑m : ℝ) + (↑a : ℝ)) = (76 : ℝ) := by
    8 |   have h2 : (↑a : ℝ) ≠ 0 := by
    9 |     have ha : (↑a : ℝ) > (0 : ℝ) := by
   10 |       exact_mod_cast h₀.right
   11 |     linarith
   12 |   have h3 : (↑m : ℝ) ≠ 0 := by
   13 |     have hm : (↑m : ℝ) > (0 : ℝ) := by
   14 |       exact_mod_cast h₀.left
   15 |     simp
   16 |   have h4 : (↑m : ℝ) = (3 / 4 : ℝ) * (↑a : ℝ) := by
   17 |     field_simp [h2] at h₁ ⊢
   18 | --     simp
   19 |     sorry
   20 |   have h5 : ((84 : ℝ) * (↑m : ℝ) + (70 : ℝ) * (↑a : ℝ)) / ((↑m : ℝ) + (↑a : ℝ)) = (76 : ℝ) := by
   21 |     rw [h4]
   22 |     ring
   23 |   exact h5 h₀ h₁
   24 | 

============================================================================
[2026-04-03T13:16:50] Cycle 2 — normal fix
============================================================================
Primary (first) issue:
  kind: fatal
  line: 23
  message: Function expected at
  h5
but this term has type
  (84 * ↑m + 70 * ↑a) / (↑m + ↑a) = 76

Note: Expected a function because this term is being applied to the argument
  h₀
All fatal errors (line, message):
  L23: Function expected at
  h5
but this term has type
  (84 * ↑m + 70 * ↑a) / (↑m + ↑a) = 76

Note: Expected a function because this term is being applied to the argument
  h₀
All unsolved goals (line, message):
  L12: unsolved goals
m a : ℕ
h₀ : 0 < m ∧ 0 < a
h₁ : ↑m / ↑a = 3 / 4
h2 : ↑a ≠ 0
hm : ↑m > 0
⊢ ¬m = 0
  L20: unsolved goals
m a : ℕ
h₀ : 0 < m ∧ 0 < a
h₁ : ↑m / ↑a = 3 / 4
h2 : ↑a ≠ 0
h3 : ↑m ≠ 0
h4 : ↑m = 3 / 4 * ↑a
⊢ ↑a * (↑a)⁻¹ * Nat.rawCast 76 = 76
--- BEFORE fix (numbered) ---
(error line ref: L23)
    1 | 
    2 | open BigOperators Real Nat Topology Rat
    3 | lemma amc12b_2021_p4_1
    4 |   (m a : ℕ)
    5 |   (h₀ : (0 : ℕ) < m ∧ (0 : ℕ) < a)
    6 |   (h₁ : (↑m : ℝ) / (↑a : ℝ) = (3 / 4 : ℝ)) :
    7 |   ((84 : ℝ) * (↑m : ℝ) + (70 : ℝ) * (↑a : ℝ)) / ((↑m : ℝ) + (↑a : ℝ)) = (76 : ℝ) := by
    8 |   have h2 : (↑a : ℝ) ≠ 0 := by
    9 |     have ha : (↑a : ℝ) > (0 : ℝ) := by
   10 |       exact_mod_cast h₀.right
   11 |     linarith
   12 |   have h3 : (↑m : ℝ) ≠ 0 := by
   13 |     have hm : (↑m : ℝ) > (0 : ℝ) := by
   14 |       exact_mod_cast h₀.left
   15 |     simp
   16 |   have h4 : (↑m : ℝ) = (3 / 4 : ℝ) * (↑a : ℝ) := by
   17 |     field_simp [h2] at h₁ ⊢
   18 | --     simp
   19 |     sorry
   20 |   have h5 : ((84 : ℝ) * (↑m : ℝ) + (70 : ℝ) * (↑a : ℝ)) / ((↑m : ℝ) + (↑a : ℝ)) = (76 : ℝ) := by
   21 |     rw [h4]
   22 |     ring
   23 |   exact h5 h₀ h₁
   24 | 
--- AFTER fix ---
action: Commented failing tactic [ident] L23..L23
--- AFTER fix (numbered) ---
(error line ref: L23)
    1 | 
    2 | open BigOperators Real Nat Topology Rat
    3 | lemma amc12b_2021_p4_1
    4 |   (m a : ℕ)
    5 |   (h₀ : (0 : ℕ) < m ∧ (0 : ℕ) < a)
    6 |   (h₁ : (↑m : ℝ) / (↑a : ℝ) = (3 / 4 : ℝ)) :
    7 |   ((84 : ℝ) * (↑m : ℝ) + (70 : ℝ) * (↑a : ℝ)) / ((↑m : ℝ) + (↑a : ℝ)) = (76 : ℝ) := by
    8 |   have h2 : (↑a : ℝ) ≠ 0 := by
    9 |     have ha : (↑a : ℝ) > (0 : ℝ) := by
   10 |       exact_mod_cast h₀.right
   11 |     linarith
   12 |   have h3 : (↑m : ℝ) ≠ 0 := by
   13 |     have hm : (↑m : ℝ) > (0 : ℝ) := by
   14 |       exact_mod_cast h₀.left
   15 |     simp
   16 |   have h4 : (↑m : ℝ) = (3 / 4 : ℝ) * (↑a : ℝ) := by
   17 |     field_simp [h2] at h₁ ⊢
   18 | --     simp
   19 |     sorry
   20 |   have h5 : ((84 : ℝ) * (↑m : ℝ) + (70 : ℝ) * (↑a : ℝ)) / ((↑m : ℝ) + (↑a : ℝ)) = (76 : ℝ) := by
   21 |     rw [h4]
   22 |     ring
   23 | --   exact h5 h₀ h₁
   24 |   sorry
   25 | 

============================================================================
[2026-04-03T13:16:50] Cycle 3 — normal fix
============================================================================
Primary (first) issue:
  kind: unsolved_goals
  line: 12
  message: unsolved goals
m a : ℕ
h₀ : 0 < m ∧ 0 < a
h₁ : ↑m / ↑a = 3 / 4
h2 : ↑a ≠ 0
hm : ↑m > 0
⊢ ¬m = 0
All unsolved goals (line, message):
  L12: unsolved goals
m a : ℕ
h₀ : 0 < m ∧ 0 < a
h₁ : ↑m / ↑a = 3 / 4
h2 : ↑a ≠ 0
hm : ↑m > 0
⊢ ¬m = 0
  L20: unsolved goals
m a : ℕ
h₀ : 0 < m ∧ 0 < a
h₁ : ↑m / ↑a = 3 / 4
h2 : ↑a ≠ 0
h3 : ↑m ≠ 0
h4 : ↑m = 3 / 4 * ↑a
⊢ ↑a * (↑a)⁻¹ * Nat.rawCast 76 = 76
--- BEFORE fix (numbered) ---
(error line ref: L12)
    1 | 
    2 | open BigOperators Real Nat Topology Rat
    3 | lemma amc12b_2021_p4_1
    4 |   (m a : ℕ)
    5 |   (h₀ : (0 : ℕ) < m ∧ (0 : ℕ) < a)
    6 |   (h₁ : (↑m : ℝ) / (↑a : ℝ) = (3 / 4 : ℝ)) :
    7 |   ((84 : ℝ) * (↑m : ℝ) + (70 : ℝ) * (↑a : ℝ)) / ((↑m : ℝ) + (↑a : ℝ)) = (76 : ℝ) := by
    8 |   have h2 : (↑a : ℝ) ≠ 0 := by
    9 |     have ha : (↑a : ℝ) > (0 : ℝ) := by
   10 |       exact_mod_cast h₀.right
   11 |     linarith
   12 |   have h3 : (↑m : ℝ) ≠ 0 := by
   13 |     have hm : (↑m : ℝ) > (0 : ℝ) := by
   14 |       exact_mod_cast h₀.left
   15 |     simp
   16 |   have h4 : (↑m : ℝ) = (3 / 4 : ℝ) * (↑a : ℝ) := by
   17 |     field_simp [h2] at h₁ ⊢
   18 | --     simp
   19 |     sorry
   20 |   have h5 : ((84 : ℝ) * (↑m : ℝ) + (70 : ℝ) * (↑a : ℝ)) / ((↑m : ℝ) + (↑a : ℝ)) = (76 : ℝ) := by
   21 |     rw [h4]
   22 |     ring
   23 | --   exact h5 h₀ h₁
   24 |   sorry
   25 | 
--- AFTER fix ---
action: Closed scope [Lean.Parser.Term.byTactic] at L15 (Indent: 4)
--- AFTER fix (numbered) ---
(error line ref: L12)
    1 | 
    2 | open BigOperators Real Nat Topology Rat
    3 | lemma amc12b_2021_p4_1
    4 |   (m a : ℕ)
    5 |   (h₀ : (0 : ℕ) < m ∧ (0 : ℕ) < a)
    6 |   (h₁ : (↑m : ℝ) / (↑a : ℝ) = (3 / 4 : ℝ)) :
    7 |   ((84 : ℝ) * (↑m : ℝ) + (70 : ℝ) * (↑a : ℝ)) / ((↑m : ℝ) + (↑a : ℝ)) = (76 : ℝ) := by
    8 |   have h2 : (↑a : ℝ) ≠ 0 := by
    9 |     have ha : (↑a : ℝ) > (0 : ℝ) := by
   10 |       exact_mod_cast h₀.right
   11 |     linarith
   12 |   have h3 : (↑m : ℝ) ≠ 0 := by
   13 |     have hm : (↑m : ℝ) > (0 : ℝ) := by
   14 |       exact_mod_cast h₀.left
   15 |     simp
   16 |     sorry
   17 |   have h4 : (↑m : ℝ) = (3 / 4 : ℝ) * (↑a : ℝ) := by
   18 |     field_simp [h2] at h₁ ⊢
   19 | --     simp
   20 |     sorry
   21 |   have h5 : ((84 : ℝ) * (↑m : ℝ) + (70 : ℝ) * (↑a : ℝ)) / ((↑m : ℝ) + (↑a : ℝ)) = (76 : ℝ) := by
   22 |     rw [h4]
   23 |     ring
   24 | --   exact h5 h₀ h₁
   25 |   sorry
   26 | 

============================================================================
[2026-04-03T13:16:51] Cycle 4 — normal fix
============================================================================
Primary (first) issue:
  kind: unsolved_goals
  line: 21
  message: unsolved goals
m a : ℕ
h₀ : 0 < m ∧ 0 < a
h₁ : ↑m / ↑a = 3 / 4
h2 : ↑a ≠ 0
h3 : ↑m ≠ 0
h4 : ↑m = 3 / 4 * ↑a
⊢ ↑a * (↑a)⁻¹ * Nat.rawCast 76 = 76
All unsolved goals (line, message):
  L21: unsolved goals
m a : ℕ
h₀ : 0 < m ∧ 0 < a
h₁ : ↑m / ↑a = 3 / 4
h2 : ↑a ≠ 0
h3 : ↑m ≠ 0
h4 : ↑m = 3 / 4 * ↑a
⊢ ↑a * (↑a)⁻¹ * Nat.rawCast 76 = 76
--- BEFORE fix (numbered) ---
(error line ref: L21)
    1 | 
    2 | open BigOperators Real Nat Topology Rat
    3 | lemma amc12b_2021_p4_1
    4 |   (m a : ℕ)
    5 |   (h₀ : (0 : ℕ) < m ∧ (0 : ℕ) < a)
    6 |   (h₁ : (↑m : ℝ) / (↑a : ℝ) = (3 / 4 : ℝ)) :
    7 |   ((84 : ℝ) * (↑m : ℝ) + (70 : ℝ) * (↑a : ℝ)) / ((↑m : ℝ) + (↑a : ℝ)) = (76 : ℝ) := by
    8 |   have h2 : (↑a : ℝ) ≠ 0 := by
    9 |     have ha : (↑a : ℝ) > (0 : ℝ) := by
   10 |       exact_mod_cast h₀.right
   11 |     linarith
   12 |   have h3 : (↑m : ℝ) ≠ 0 := by
   13 |     have hm : (↑m : ℝ) > (0 : ℝ) := by
   14 |       exact_mod_cast h₀.left
   15 |     simp
   16 |     sorry
   17 |   have h4 : (↑m : ℝ) = (3 / 4 : ℝ) * (↑a : ℝ) := by
   18 |     field_simp [h2] at h₁ ⊢
   19 | --     simp
   20 |     sorry
   21 |   have h5 : ((84 : ℝ) * (↑m : ℝ) + (70 : ℝ) * (↑a : ℝ)) / ((↑m : ℝ) + (↑a : ℝ)) = (76 : ℝ) := by
   22 |     rw [h4]
   23 |     ring
   24 | --   exact h5 h₀ h₁
   25 |   sorry
   26 | 
--- AFTER fix ---
action: Closed scope [Lean.Parser.Term.byTactic] at L23 (Indent: 4)
--- AFTER fix (numbered) ---
(error line ref: L21)
    1 | 
    2 | open BigOperators Real Nat Topology Rat
    3 | lemma amc12b_2021_p4_1
    4 |   (m a : ℕ)
    5 |   (h₀ : (0 : ℕ) < m ∧ (0 : ℕ) < a)
    6 |   (h₁ : (↑m : ℝ) / (↑a : ℝ) = (3 / 4 : ℝ)) :
    7 |   ((84 : ℝ) * (↑m : ℝ) + (70 : ℝ) * (↑a : ℝ)) / ((↑m : ℝ) + (↑a : ℝ)) = (76 : ℝ) := by
    8 |   have h2 : (↑a : ℝ) ≠ 0 := by
    9 |     have ha : (↑a : ℝ) > (0 : ℝ) := by
   10 |       exact_mod_cast h₀.right
   11 |     linarith
   12 |   have h3 : (↑m : ℝ) ≠ 0 := by
   13 |     have hm : (↑m : ℝ) > (0 : ℝ) := by
   14 |       exact_mod_cast h₀.left
   15 |     simp
   16 |     sorry
   17 |   have h4 : (↑m : ℝ) = (3 / 4 : ℝ) * (↑a : ℝ) := by
   18 |     field_simp [h2] at h₁ ⊢
   19 | --     simp
   20 |     sorry
   21 |   have h5 : ((84 : ℝ) * (↑m : ℝ) + (70 : ℝ) * (↑a : ℝ)) / ((↑m : ℝ) + (↑a : ℝ)) = (76 : ℝ) := by
   22 |     rw [h4]
   23 |     ring
   24 |     sorry
   25 | --   exact h5 h₀ h₁
   26 |   sorry
   27 | 

============================================================================
[2026-04-03T13:16:51] SUCCESS (cycle 5)
============================================================================
No fatal errors and no unsolved goals.
--- FINAL (numbered) ---
    1 | 
    2 | open BigOperators Real Nat Topology Rat
    3 | lemma amc12b_2021_p4_1
    4 |   (m a : ℕ)
    5 |   (h₀ : (0 : ℕ) < m ∧ (0 : ℕ) < a)
    6 |   (h₁ : (↑m : ℝ) / (↑a : ℝ) = (3 / 4 : ℝ)) :
    7 |   ((84 : ℝ) * (↑m : ℝ) + (70 : ℝ) * (↑a : ℝ)) / ((↑m : ℝ) + (↑a : ℝ)) = (76 : ℝ) := by
    8 |   have h2 : (↑a : ℝ) ≠ 0 := by
    9 |     have ha : (↑a : ℝ) > (0 : ℝ) := by
   10 |       exact_mod_cast h₀.right
   11 |     linarith
   12 |   have h3 : (↑m : ℝ) ≠ 0 := by
   13 |     have hm : (↑m : ℝ) > (0 : ℝ) := by
   14 |       exact_mod_cast h₀.left
   15 |     simp
   16 |     sorry
   17 |   have h4 : (↑m : ℝ) = (3 / 4 : ℝ) * (↑a : ℝ) := by
   18 |     field_simp [h2] at h₁ ⊢
   19 | --     simp
   20 |     sorry
   21 |   have h5 : ((84 : ℝ) * (↑m : ℝ) + (70 : ℝ) * (↑a : ℝ)) / ((↑m : ℝ) + (↑a : ℝ)) = (76 : ℝ) := by
   22 |     rw [h4]
   23 |     ring
   24 |     sorry
   25 | --   exact h5 h₀ h₁
   26 |   sorry
   27 | 
